[26-May-2025 09:04:16 Europe/Berlin] PHP Warning:  require_once(session_handler.php): Failed to open stream: No such file or directory in C:\xampp\htdocs\UEB24_Gr13\models\login.php on line 9
[26-May-2025 09:04:16 Europe/Berlin] PHP Fatal error:  Uncaught Error: Failed opening required 'session_handler.php' (include_path='C:\xampp\php\PEAR') in C:\xampp\htdocs\UEB24_Gr13\models\login.php:9
Stack trace:
#0 {main}
  thrown in C:\xampp\htdocs\UEB24_Gr13\models\login.php on line 9
[26-May-2025 09:10:34 Europe/Berlin] PHP Warning:  require_once(session_handler.php): Failed to open stream: No such file or directory in C:\xampp\htdocs\UEB24_Gr13\models\login.php on line 9
[26-May-2025 09:10:34 Europe/Berlin] PHP Fatal error:  Uncaught Error: Failed opening required 'session_handler.php' (include_path='C:\xampp\php\PEAR') in C:\xampp\htdocs\UEB24_Gr13\models\login.php:9
Stack trace:
#0 {main}
  thrown in C:\xampp\htdocs\UEB24_Gr13\models\login.php on line 9
[26-May-2025 09:57:21 Europe/Berlin] PHP Warning:  require_once(session_handler.php): Failed to open stream: No such file or directory in C:\xampp\htdocs\UEB24_Gr13\models\login.php on line 9
[26-May-2025 09:57:21 Europe/Berlin] PHP Fatal error:  Uncaught Error: Failed opening required 'session_handler.php' (include_path='C:\xampp\php\PEAR') in C:\xampp\htdocs\UEB24_Gr13\models\login.php:9
Stack trace:
#0 {main}
  thrown in C:\xampp\htdocs\UEB24_Gr13\models\login.php on line 9
[26-May-2025 09:57:27 Europe/Berlin] PHP Warning:  require_once(session_handler.php): Failed to open stream: No such file or directory in C:\xampp\htdocs\UEB24_Gr13\models\login.php on line 9
[26-May-2025 09:57:27 Europe/Berlin] PHP Fatal error:  Uncaught Error: Failed opening required 'session_handler.php' (include_path='C:\xampp\php\PEAR') in C:\xampp\htdocs\UEB24_Gr13\models\login.php:9
Stack trace:
#0 {main}
  thrown in C:\xampp\htdocs\UEB24_Gr13\models\login.php on line 9
[26-May-2025 15:54:35 Europe/Berlin] PHP Warning:  require_once(session_handler.php): Failed to open stream: No such file or directory in C:\xampp\htdocs\UEB24_Gr13\models\login.php on line 9
[26-May-2025 15:54:35 Europe/Berlin] PHP Fatal error:  Uncaught Error: Failed opening required 'session_handler.php' (include_path='C:\xampp\php\PEAR') in C:\xampp\htdocs\UEB24_Gr13\models\login.php:9
Stack trace:
#0 {main}
  thrown in C:\xampp\htdocs\UEB24_Gr13\models\login.php on line 9
